============================================================================================================================================================
Symbol Table: Global                                                             Parent: null
------------------------------------------------------------------------------------------------------------------------------------------------------------
Name           Type                     Category       Initial Value                                                     Size        Offset      Nested
------------------------------------------------------------------------------------------------------------------------------------------------------------
printInt       integer                  function                                                                         4           0           printInt
printStr       integer                  function                                                                         4           4           printStr
readInt        integer                  function                                                                         4           8           readInt
main           integer                  function                                                                         4           12          main
------------------------------------------------------------------------------------------------------------------------------------------------------------

============================================================================================================================================================
Symbol Table: printInt                                                           Parent: Global
------------------------------------------------------------------------------------------------------------------------------------------------------------
Name           Type                     Category       Initial Value                                                     Size        Offset      Nested
------------------------------------------------------------------------------------------------------------------------------------------------------------
num            integer                  param                                                                            4           0           null
return         integer                  local                                                                            4           4           null
------------------------------------------------------------------------------------------------------------------------------------------------------------

============================================================================================================================================================
Symbol Table: printStr                                                           Parent: Global
------------------------------------------------------------------------------------------------------------------------------------------------------------
Name           Type                     Category       Initial Value                                                     Size        Offset      Nested
------------------------------------------------------------------------------------------------------------------------------------------------------------
c              ptr(char)                param                                                                            4           0           null
return         integer                  local                                                                            4           4           null
------------------------------------------------------------------------------------------------------------------------------------------------------------

============================================================================================================================================================
Symbol Table: readInt                                                            Parent: Global
------------------------------------------------------------------------------------------------------------------------------------------------------------
Name           Type                     Category       Initial Value                                                     Size        Offset      Nested
------------------------------------------------------------------------------------------------------------------------------------------------------------
eP             ptr(integer)             param                                                                            4           0           null
return         integer                  local                                                                            4           4           null
------------------------------------------------------------------------------------------------------------------------------------------------------------

============================================================================================================================================================
Symbol Table: main                                                               Parent: Global
------------------------------------------------------------------------------------------------------------------------------------------------------------
Name           Type                     Category       Initial Value                                                     Size        Offset      Nested
------------------------------------------------------------------------------------------------------------------------------------------------------------
return         integer                  local                                                                            4           0           null
i              integer                  local                                                                            4           4           null
num            integer                  local                                                                            4           8           null
e              ptr(integer)             local                                                                            4           12          null
n              integer                  local                                                                            4           16          null
printStr       integer                  local                                                                            4           20          null
t00            ptr(char)                temp           "\n      ######################################################\n"4           24          null
t01            integer                  temp                                                                             4           28          null
t02            ptr(char)                temp           "      ##                                                  ##\n"  4           32          null
t03            integer                  temp                                                                             4           36          null
t04            ptr(char)                temp           "      ##          Print first n natural numbers           ##\n"  4           40          null
t05            integer                  temp                                                                             4           44          null
t06            ptr(char)                temp           "      ##                   (LOOP)                         ##\n"  4           48          null
t07            integer                  temp                                                                             4           52          null
t08            ptr(char)                temp           "      ##                                                  ##\n"  4           56          null
t09            integer                  temp                                                                             4           60          null
t10            ptr(char)                temp           "      ######################################################\n\n"4           64          null
t11            integer                  temp                                                                             4           68          null
t12            integer                  temp           1                                                                 4           72          null
t13            integer                  temp                                                                             4           76          null
t14            ptr(integer)             temp                                                                             4           80          null
t15            ptr(null)                temp                                                                             4           84          null
t16            ptr(char)                temp           "      Enter the value of n (an integer) : "                      4           88          null
t17            integer                  temp                                                                             4           92          null
readInt        integer                  local                                                                            4           96          null
t18            integer                  temp                                                                             4           100         null
t19            integer                  temp                                                                             4           104         null
t20            integer                  temp           0                                                                 4           108         null
t21            integer                  temp                                                                             4           112         null
t22            integer                  temp                                                                             4           116         null
t23            ptr(char)                temp           "      "                                                          4           120         null
t24            integer                  temp                                                                             4           124         null
printInt       integer                  local                                                                            4           128         null
t25            integer                  temp                                                                             4           132         null
t26            integer                  temp           1                                                                 4           136         null
t27            integer                  temp                                                                             4           140         null
t28            integer                  temp                                                                             4           144         null
t29            ptr(char)                temp           "\n"                                                              4           148         null
t30            integer                  temp                                                                             4           152         null
t31            integer                  temp           0                                                                 4           156         null
------------------------------------------------------------------------------------------------------------------------------------------------------------

==================================================
THREE ADDRESS CODE
--------------------------------------------------

main: 

	L1   :	op
	L2   :	param t00
	L3   :	t01 = call printStr, 1
	L4   :	op
	L5   :	param t02
	L6   :	t03 = call printStr, 1
	L7   :	op
	L8   :	param t04
	L9   :	t05 = call printStr, 1
	L10  :	op
	L11  :	param t06
	L12  :	t07 = call printStr, 1
	L13  :	op
	L14  :	param t08
	L15  :	t09 = call printStr, 1
	L16  :	op
	L17  :	param t10
	L18  :	t11 = call printStr, 1
	L19  :	t12 = 1
	L20  :	num = t12
	L21  :	t14 = &num
	L22  :	e = t14
	L23  :	op
	L24  :	param t16
	L25  :	t17 = call printStr, 1
	L26  :	param e
	L27  :	t18 = call readInt, 1
	L28  :	n = t18
	L29  :	t20 = 0
	L30  :	i = t20
	L31  :	if i<n goto 36
	L32  :	goto 45
	L33  :	t22 = i
	L34  :	i = i + 1
	L35  :	goto 31
	L36  :	op
	L37  :	param t23
	L38  :	t24 = call printStr, 1
	L39  :	param num
	L40  :	t25 = call printInt, 1
	L41  :	t26 = 1
	L42  :	t27 = num + t26
	L43  :	num = t27
	L44  :	goto 33
	L45  :	op
	L46  :	param t29
	L47  :	t30 = call printStr, 1
	L48  :	t31 = 0
	L49  :	ret t31
--------------------------------------------------
