____________________________________________________________________________________________________

Three Address Code:
______________________________________________________________________________________________________________
L0:		t0 = 0
L1:		x = t0

L2:	main: 
L3:		t0 = 0
L4:		sum = t0
L5:		t1 = 5
L6:		t2 = 5
L7:		t3 = 5
L8:		t4 = 5
L9:		n = t4
L10:		t6 = 0
L11:		i = t6
L12:		t8 = 100
L13:		j = t8
L14:		t10 = 5
L15:		if i < t10 goto 17
L16:		goto 24
L17:		t11 = i
L18:		i = i + 1
L19:		j = j + 1
L20:		t12 = i * 4
L21:		t13 = i * j
L22:		arr1[t12] = t13
L23:		goto 14
L24:		t15 = i * 4
L25:		t16 = arr1[t15]
L26:		t17 = sum + t16
L27:		sum = t17
L28:		if i < n goto 24
L29:		goto 30
L30:		t19 = 0
L31:		i = t19
L32:		if i < n goto 37
L33:		goto 52
L34:		t21 = i
L35:		i = i + 1
L36:		goto 32
L37:		t22 = 0
L38:		j = t22
L39:		if j < n goto 44
L40:		goto 34
L41:		t24 = j
L42:		j = j + 1
L43:		goto 39
L44:		t25 = i * 20
L45:		t27 = j * 4
L46:		t26 = t25 + t27
L47:		t28 = i * j
L48:		t29 = sum + t28
L49:		arr2[t26] = t29
L50:		goto 41
L51:		goto 34
L52:		t31 = 0
L53:		return t31
--------------------------------------------------------------------------------------------------------------
______________________________________________________________________________________________________________

	Table Name: Global					Parent Name: NULL
______________________________________________________________________________________________________________

Name                Type                     Initial Value       Size      Offset         Nested
                                                                                                    
x                   int                      0                   4         0              NULL
t0                  int                      0                   4         4              NULL
main                int                      -                   4         8              main
--------------------------------------------------------------------------------------------------------------

______________________________________________________________________________________________________________

	Table Name: main					Parent Name: Global
______________________________________________________________________________________________________________

Name                Type                     Initial Value       Size      Offset         Nested
                                                                                                    
return              int                      -                   4         0              NULL
i                   int                      -                   4         4              NULL
j                   int                      -                   4         8              NULL
n                   int                      -                   4         12             NULL
sum                 int                      0                   4         16             NULL
t0                  int                      0                   4         20             NULL
arr1                arr(5,int)               -                   20        24             NULL
t1                  int                      5                   4         44             NULL
arr2                arr(5,arr(5,int))        -                   100       48             NULL
t2                  int                      5                   4         148            NULL
t3                  int                      5                   4         152            NULL
t4                  int                      5                   4         156            NULL
t5                  int                      -                   4         160            NULL
t6                  int                      0                   4         164            NULL
t7                  int                      -                   4         168            NULL
t8                  int                      100                 4         172            NULL
t9                  int                      -                   4         176            NULL
t10                 int                      5                   4         180            NULL
t11                 int                      -                   4         184            NULL
t12                 int                      -                   4         188            NULL
t13                 int                      -                   4         192            NULL
t14                 int                      -                   4         196            NULL
t15                 int                      -                   4         200            NULL
t16                 int                      -                   4         204            NULL
t17                 int                      -                   4         208            NULL
t18                 int                      -                   4         212            NULL
t19                 int                      0                   4         216            NULL
t20                 int                      -                   4         220            NULL
t21                 int                      -                   4         224            NULL
t22                 int                      0                   4         228            NULL
t23                 int                      -                   4         232            NULL
t24                 int                      -                   4         236            NULL
t25                 int                      -                   4         240            NULL
t26                 int                      -                   4         244            NULL
t27                 int                      -                   4         248            NULL
t28                 int                      -                   4         252            NULL
t29                 int                      -                   4         256            NULL
t30                 int                      -                   4         260            NULL
t31                 int                      0                   4         264            NULL
--------------------------------------------------------------------------------------------------------------

