____________________________________________________________________________________________________

Three Address Code:
______________________________________________________________________________________________________________

L0:	fib: 
L1:		t0 = 1
L2:		if n <= t0 goto 5
L3:		goto 7
L4:		goto 7
L5:		return n
L6:		goto 7
L7:		t1 = 1
L8:		t2 = n - t1
L9:		param t2
L10:		t3 = call fib, 1
L11:		t4 = 2
L12:		t5 = n - t4
L13:		param t5
L14:		t6 = call fib, 1
L15:		t7 = t3 + t6
L16:		return t7

L17:	main: 
L18:		t0 = 12
L19:		n = t0
L20:		t1 = 0
L21:		ans = t1
L22:		param n
L23:		t2 = call fib, 1
L24:		ans = t2
L25:		t4 = 0
L26:		return t4
--------------------------------------------------------------------------------------------------------------
______________________________________________________________________________________________________________

	Table Name: Global					Parent Name: NULL
______________________________________________________________________________________________________________

Name                Type                     Initial Value       Size      Offset         Nested
                                                                                                    
fib                 int                      -                   4         0              fib
main                int                      -                   4         4              main
--------------------------------------------------------------------------------------------------------------

______________________________________________________________________________________________________________

	Table Name: fib					Parent Name: Global
______________________________________________________________________________________________________________

Name                Type                     Initial Value       Size      Offset         Nested
                                                                                                    
n                   int                      -                   4         0              NULL
return              int                      -                   4         4              NULL
t0                  int                      1                   4         8              NULL
fib                 int                      -                   4         12             NULL
t1                  int                      1                   4         16             NULL
t2                  int                      -                   4         20             NULL
t3                  int                      -                   4         24             NULL
t4                  int                      2                   4         28             NULL
t5                  int                      -                   4         32             NULL
t6                  int                      -                   4         36             NULL
t7                  int                      -                   4         40             NULL
--------------------------------------------------------------------------------------------------------------

______________________________________________________________________________________________________________

	Table Name: main					Parent Name: Global
______________________________________________________________________________________________________________

Name                Type                     Initial Value       Size      Offset         Nested
                                                                                                    
return              int                      -                   4         0              NULL
n                   int                      12                  4         4              NULL
t0                  int                      12                  4         8              NULL
p                   ptr(int)                 -                   4         12             NULL
ans                 int                      0                   4         16             NULL
t1                  int                      0                   4         20             NULL
fib                 int                      -                   4         24             NULL
t2                  int                      -                   4         28             NULL
t3                  int                      -                   4         32             NULL
t4                  int                      0                   4         36             NULL
--------------------------------------------------------------------------------------------------------------

