____________________________________________________________________________________________________

Three Address Code:
______________________________________________________________________________________________________________
L0:		t0 = 0
L1:		varA = t0
L2:		t1 = 9
L3:		varB = t1
L4:		t2 = 12
L5:		varC = t2
L6:		t3 = 34
L7:		varD = t3

L8:	fun: 
L9:		t0 = 1
L10:		m = t0
L11:		t2 = 2
L12:		n = t2
L13:		t4 = 3
L14:		o = t4
L15:		t6 = 4
L16:		p = t6
L17:		t8 = 1
L18:		t9 = 2
L19:		if t8 < t9 goto 22
L20:		goto 24
L21:		goto 29
L22:		t10 = 1
L23:		goto 27
L24:		t11 = 2
L25:		t12 = t11
L26:		goto 29
L27:		t12 = t10
L28:		goto 29
L29:		q = t12

L30:	main: 
L31:		t0 = 2
L32:		u = t0
L33:		t1 = 2
L34:		a = t1
L35:		t2 = 8.75
L36:		f = t2
L37:		t3 = 1.125
L38:		d = t3
L39:		t4 = 2
L40:		t5 = float2int(f)
L41:		t6 = t5 / t4
L42:		a = t6
L43:		param a
L44:		t8 = call fun, 1
L45:		b = t8
L46:		t10 = 0
L47:		return t10
--------------------------------------------------------------------------------------------------------------
______________________________________________________________________________________________________________

	Table Name: Global					Parent Name: NULL
______________________________________________________________________________________________________________

Name                Type                     Initial Value       Size      Offset         Nested
                                                                                                    
varA                int                      0                   4         0              NULL
t0                  int                      0                   4         4              NULL
varB                int                      9                   4         8              NULL
t1                  int                      9                   4         12             NULL
varC                int                      12                  4         16             NULL
t2                  int                      12                  4         20             NULL
varD                int                      34                  4         24             NULL
t3                  int                      34                  4         28             NULL
fun                 int                      -                   4         32             fun
main                int                      -                   4         36             main
--------------------------------------------------------------------------------------------------------------

______________________________________________________________________________________________________________

	Table Name: fun					Parent Name: Global
______________________________________________________________________________________________________________

Name                Type                     Initial Value       Size      Offset         Nested
                                                                                                    
a                   int                      -                   4         0              NULL
return              int                      -                   4         4              NULL
m                   int                      -                   4         8              NULL
t0                  int                      1                   4         12             NULL
t1                  int                      -                   4         16             NULL
n                   int                      -                   4         20             NULL
t2                  int                      2                   4         24             NULL
t3                  int                      -                   4         28             NULL
o                   int                      -                   4         32             NULL
t4                  int                      3                   4         36             NULL
t5                  int                      -                   4         40             NULL
p                   int                      -                   4         44             NULL
t6                  int                      4                   4         48             NULL
t7                  int                      -                   4         52             NULL
q                   int                      -                   4         56             NULL
t8                  int                      1                   4         60             NULL
t9                  int                      2                   4         64             NULL
t10                 int                      1                   4         68             NULL
t11                 int                      2                   4         72             NULL
t12                 int                      -                   4         76             NULL
t13                 int                      -                   4         80             NULL
--------------------------------------------------------------------------------------------------------------

______________________________________________________________________________________________________________

	Table Name: main					Parent Name: Global
______________________________________________________________________________________________________________

Name                Type                     Initial Value       Size      Offset         Nested
                                                                                                    
return              int                      -                   4         0              NULL
u                   int                      2                   4         4              NULL
t0                  int                      2                   4         8              NULL
a                   int                      2                   4         12             NULL
t1                  int                      2                   4         16             NULL
b                   int                      -                   4         20             NULL
f                   float                    8.75                8         24             NULL
t2                  float                    8.75                8         32             NULL
d                   float                    1.125               8         40             NULL
t3                  float                    1.125               8         48             NULL
t4                  int                      2                   4         56             NULL
t5                  int                      -                   4         60             NULL
t6                  int                      -                   4         64             NULL
t7                  int                      -                   4         68             NULL
fun                 int                      -                   4         72             NULL
t8                  int                      -                   4         76             NULL
t9                  int                      -                   4         80             NULL
t10                 int                      0                   4         84             NULL
--------------------------------------------------------------------------------------------------------------

