____________________________________________________________________________________________________

Three Address Code:
______________________________________________________________________________________________________________

L0:	min: 
L1:		if x > y goto 4
L2:		goto 5
L3:		goto 9
L4:		goto 7
L5:		t0 = x
L6:		goto 9
L7:		t0 = y
L8:		goto 9
L9:		ans = t0
L10:		return ans

L11:	function: 
L12:		param x
L13:		param y
L14:		t0 = call min, 2
L15:		i = t0
L16:		param x
L17:		param i
L18:		t2 = call min, 2
L19:		j = t2
L20:		t4 = i + j
L21:		ans = t4
L22:		return ans

L23:	main: 
L24:		t0 = 19
L25:		age = t0
L26:		t1 = 0
L27:		count = t1
L28:		t2 = 0
L29:		sum = t2
L30:		t3 = 2
L31:		x = t3
L32:		t5 = 5
L33:		y = t5
L34:		t7 = 'c'
L35:		ch = t7
L36:		t8 = 18
L37:		if age >= t8 goto 40
L38:		goto 43
L39:		goto 45
L40:		t9 = count
L41:		count = count + 1
L42:		goto 45
L43:		t10 = count
L44:		count = count - 1
L45:		t11 = call function, 0
L46:		sum = t11
L47:		t12 = 0
L48:		return t12
--------------------------------------------------------------------------------------------------------------
______________________________________________________________________________________________________________

	Table Name: Global					Parent Name: NULL
______________________________________________________________________________________________________________

Name                Type                     Initial Value       Size      Offset         Nested
                                                                                                    
min                 int                      -                   4         0              min
function            int                      -                   4         4              function
main                int                      -                   4         8              main
--------------------------------------------------------------------------------------------------------------

______________________________________________________________________________________________________________

	Table Name: min					Parent Name: Global
______________________________________________________________________________________________________________

Name                Type                     Initial Value       Size      Offset         Nested
                                                                                                    
x                   int                      -                   4         0              NULL
y                   int                      -                   4         4              NULL
return              int                      -                   4         8              NULL
ans                 int                      -                   4         12             NULL
t0                  int                      -                   4         16             NULL
t1                  int                      -                   4         20             NULL
--------------------------------------------------------------------------------------------------------------

______________________________________________________________________________________________________________

	Table Name: function					Parent Name: Global
______________________________________________________________________________________________________________

Name                Type                     Initial Value       Size      Offset         Nested
                                                                                                    
x                   int                      -                   4         0              NULL
y                   int                      -                   4         4              NULL
return              int                      -                   4         8              NULL
i                   int                      -                   4         12             NULL
j                   int                      -                   4         16             NULL
ans                 int                      -                   4         20             NULL
min                 int                      -                   4         24             NULL
t0                  int                      -                   4         28             NULL
t1                  int                      -                   4         32             NULL
t2                  int                      -                   4         36             NULL
t3                  int                      -                   4         40             NULL
t4                  int                      -                   4         44             NULL
t5                  int                      -                   4         48             NULL
--------------------------------------------------------------------------------------------------------------

______________________________________________________________________________________________________________

	Table Name: main					Parent Name: Global
______________________________________________________________________________________________________________

Name                Type                     Initial Value       Size      Offset         Nested
                                                                                                    
return              int                      -                   4         0              NULL
age                 int                      19                  4         4              NULL
t0                  int                      19                  4         8              NULL
count               int                      0                   4         12             NULL
t1                  int                      0                   4         16             NULL
x                   int                      -                   4         20             NULL
y                   int                      -                   4         24             NULL
sum                 int                      -                   4         28             NULL
t2                  int                      0                   4         32             NULL
t3                  int                      2                   4         36             NULL
t4                  int                      -                   4         40             NULL
t5                  int                      5                   4         44             NULL
t6                  int                      -                   4         48             NULL
ch                  char                     'c'                 1         52             NULL
t7                  char                     'c'                 1         53             NULL
t8                  int                      18                  4         54             NULL
t9                  int                      -                   4         58             NULL
t10                 int                      -                   4         62             NULL
function            int                      -                   4         66             NULL
t11                 int                      -                   4         70             NULL
t12                 int                      0                   4         74             NULL
--------------------------------------------------------------------------------------------------------------

