____________________________________________________________________________________________________

Three Address Code:
______________________________________________________________________________________________________________
L0:		t0 = 2.3
L1:		f1 = t0
L2:		t1 = 4
L3:		a = t1

L4:	main: 
L5:		t0 = 120
L6:		var1 = t0
L7:		t1 = 15
L8:		var2 = t1
L9:		t2 = 'c'
L10:		ch = t2
L11:		t3 = 'a'
L12:		d = t3
L13:		t4 = 1.25
L14:		f2 = t4
L15:		t5 = var1 + var2
L16:		i = t5
L17:		t7 = var1 - var2
L18:		j = t7
L19:		t9 = var1 * var2
L20:		k = t9
L21:		t11 = var1 / var2
L22:		l = t11
L23:		t13 = var1 % var2
L24:		m = t13
L25:		t15 = var1 & var2
L26:		n = t15
L27:		t17 = var1 | var2
L28:		o = t17
L29:		t19 = 2
L30:		t20 = i << t19
L31:		var2 = t20
L32:		t22 = 1
L33:		t23 = i >> t22
L34:		var1 = t23
L35:		t25 = 0
L36:		return t25
--------------------------------------------------------------------------------------------------------------
______________________________________________________________________________________________________________

	Table Name: Global					Parent Name: NULL
______________________________________________________________________________________________________________

Name                Type                     Initial Value       Size      Offset         Nested
                                                                                                    
f1                  float                    2.3                 8         0              NULL
t0                  float                    2.3                 8         8              NULL
a                   int                      4                   4         16             NULL
t1                  int                      4                   4         20             NULL
p                   ptr(int)                 -                   4         24             NULL
quotient            void                     -                   0         28             quotient
c                   char                     -                   1         28             NULL
main                void                     -                   0         29             main
--------------------------------------------------------------------------------------------------------------

______________________________________________________________________________________________________________

	Table Name: quotient					Parent Name: Global
______________________________________________________________________________________________________________

Name                Type                     Initial Value       Size      Offset         Nested
                                                                                                    
i                   int                      -                   4         0              NULL
d                   float                    -                   8         4              NULL
--------------------------------------------------------------------------------------------------------------

______________________________________________________________________________________________________________

	Table Name: main					Parent Name: Global
______________________________________________________________________________________________________________

Name                Type                     Initial Value       Size      Offset         Nested
                                                                                                    
var1                int                      120                 4         0              NULL
t0                  int                      120                 4         4              NULL
var2                int                      15                  4         8              NULL
t1                  int                      15                  4         12             NULL
i                   int                      -                   4         16             NULL
j                   int                      -                   4         20             NULL
k                   int                      -                   4         24             NULL
l                   int                      -                   4         28             NULL
m                   int                      -                   4         32             NULL
n                   int                      -                   4         36             NULL
o                   int                      -                   4         40             NULL
ch                  char                     'c'                 1         44             NULL
t2                  char                     'c'                 1         45             NULL
d                   char                     'a'                 1         46             NULL
t3                  char                     'a'                 1         47             NULL
f2                  float                    1.25                8         48             NULL
t4                  float                    1.25                8         56             NULL
t5                  int                      -                   4         64             NULL
t6                  int                      -                   4         68             NULL
t7                  int                      -                   4         72             NULL
t8                  int                      -                   4         76             NULL
t9                  int                      -                   4         80             NULL
t10                 int                      -                   4         84             NULL
t11                 int                      -                   4         88             NULL
t12                 int                      -                   4         92             NULL
t13                 int                      -                   4         96             NULL
t14                 int                      -                   4         100            NULL
t15                 int                      -                   4         104            NULL
t16                 int                      -                   4         108            NULL
t17                 int                      -                   4         112            NULL
t18                 int                      -                   4         116            NULL
t19                 int                      2                   4         120            NULL
t20                 int                      -                   4         124            NULL
t21                 int                      -                   4         128            NULL
t22                 int                      1                   4         132            NULL
t23                 int                      -                   4         136            NULL
t24                 int                      -                   4         140            NULL
t25                 int                      0                   4         144            NULL
--------------------------------------------------------------------------------------------------------------

